android/app/build/intermediates/manifest_merge_blame_file/debug/manifest-merger-blame-debug-report.txt
1<?xml version="1.0" encoding="utf-8"?>
2<manifest xmlns:android="http://schemas.android.com/apk/res/android"
3    package="com.techerudite.plie"
4    android:versionCode="3"
5    android:versionName="1.1" >
6
7    <uses-sdk
8        android:minSdkVersion="21"
9        android:targetSdkVersion="31" />
10
11    <uses-permission android:name="android.permission.SYSTEM_ALERT_WINDOW" />
11-->src\debug\AndroidManifest.xml:5:5-77
11-->src\debug\AndroidManifest.xml:5:22-75
12    <uses-permission android:name="android.permission.INTERNET" />
12-->src\main\AndroidManifest.xml:3:3-65
12-->src\main\AndroidManifest.xml:3:20-62
13    <uses-permission android:name="android.permission.CAMERA" />
13-->src\main\AndroidManifest.xml:4:3-63
13-->src\main\AndroidManifest.xml:4:20-60
14    <uses-permission android:name="android.permission.ACCESS_WIFI_STATE" />
14-->[com.facebook.flipper:flipper:0.125.0] AndroidManifest.xml:16:5-76
14-->[com.facebook.flipper:flipper:0.125.0] AndroidManifest.xml:16:22-73
15    <uses-permission android:name="android.permission.ACCESS_NETWORK_STATE" />
15-->[:react-native-community_netinfo] AndroidManifest.xml:9:5-79
15-->[:react-native-community_netinfo] AndroidManifest.xml:9:22-76
16    <uses-permission android:name="android.permission.WAKE_LOCK" />
16-->[:react-native-firebase_messaging] AndroidManifest.xml:10:5-68
16-->[:react-native-firebase_messaging] AndroidManifest.xml:10:22-65
17
18    <queries>
18-->[com.facebook.android:facebook-common:16.0.1] AndroidManifest.xml:17:5-19:15
19        <package android:name="com.facebook.katana" />
19-->[com.facebook.android:facebook-common:16.0.1] AndroidManifest.xml:18:9-55
19-->[com.facebook.android:facebook-common:16.0.1] AndroidManifest.xml:18:18-52
20        <!-- Added to check the default browser that will host the AuthFlow. -->
21        <intent>
21-->[com.stripe:financial-connections:20.16.2] AndroidManifest.xml:15:9-19:18
22            <action android:name="android.intent.action.VIEW" />
22-->src\main\AndroidManifest.xml:16:11-63
22-->src\main\AndroidManifest.xml:16:19-60
23
24            <data android:scheme="http" />
24-->src\main\AndroidManifest.xml:19:11-41
24-->src\main\AndroidManifest.xml:19:17-38
25        </intent> <!-- Added to check if Chrome is installed for browser-based payment authentication (e.g. 3DS1). -->
26        <package android:name="com.android.chrome" /> <!-- Needs to be explicitly declared on Android R+ -->
26-->[com.stripe:payments-core:20.16.2] AndroidManifest.xml:13:9-54
26-->[com.stripe:payments-core:20.16.2] AndroidManifest.xml:13:18-51
27        <package android:name="com.google.android.apps.maps" />
27-->[com.google.android.gms:play-services-maps:18.0.2] AndroidManifest.xml:33:9-64
27-->[com.google.android.gms:play-services-maps:18.0.2] AndroidManifest.xml:33:18-61
28    </queries>
29
30    <uses-permission android:name="android.permission.POST_NOTIFICATIONS" /> <!-- Required by older versions of Google Play services to create IID tokens -->
30-->[com.google.firebase:firebase-messaging:23.1.1] AndroidManifest.xml:25:5-77
30-->[com.google.firebase:firebase-messaging:23.1.1] AndroidManifest.xml:25:22-74
31    <uses-permission android:name="com.google.android.c2dm.permission.RECEIVE" />
31-->[com.google.firebase:firebase-messaging:23.1.1] AndroidManifest.xml:28:5-82
31-->[com.google.firebase:firebase-messaging:23.1.1] AndroidManifest.xml:28:22-79
32    <uses-permission android:name="com.google.android.gms.permission.AD_ID" />
32-->[com.google.android.gms:play-services-measurement-api:21.2.0] AndroidManifest.xml:25:5-79
32-->[com.google.android.gms:play-services-measurement-api:21.2.0] AndroidManifest.xml:25:22-76
33    <uses-permission android:name="com.google.android.finsky.permission.BIND_GET_INSTALL_REFERRER_SERVICE" />
33-->[com.google.android.gms:play-services-measurement:21.2.0] AndroidManifest.xml:26:5-110
33-->[com.google.android.gms:play-services-measurement:21.2.0] AndroidManifest.xml:26:22-107
34
35    <uses-feature
35-->[com.google.android.gms:play-services-maps:18.0.2] AndroidManifest.xml:26:5-28:35
36        android:glEsVersion="0x00020000"
36-->[com.google.android.gms:play-services-maps:18.0.2] AndroidManifest.xml:27:9-41
37        android:required="true" />
37-->[com.google.android.gms:play-services-maps:18.0.2] AndroidManifest.xml:28:9-32
38
39    <permission
39-->[androidx.core:core:1.9.0] AndroidManifest.xml:22:5-24:47
40        android:name="com.techerudite.plie.DYNAMIC_RECEIVER_NOT_EXPORTED_PERMISSION"
40-->[androidx.core:core:1.9.0] AndroidManifest.xml:23:9-81
41        android:protectionLevel="signature" />
41-->[androidx.core:core:1.9.0] AndroidManifest.xml:24:9-44
42
43    <uses-permission android:name="com.techerudite.plie.DYNAMIC_RECEIVER_NOT_EXPORTED_PERMISSION" />
43-->[androidx.core:core:1.9.0] AndroidManifest.xml:26:5-97
43-->[androidx.core:core:1.9.0] AndroidManifest.xml:26:22-94
44
45    <application
45-->src\main\AndroidManifest.xml:6:3-62:17
46        android:name="com.techerudite.plie.MainApplication"
46-->src\main\AndroidManifest.xml:6:16-47
47        android:allowBackup="false"
47-->src\main\AndroidManifest.xml:6:162-189
48        android:appComponentFactory="androidx.core.app.CoreComponentFactory"
48-->[androidx.core:core:1.9.0] AndroidManifest.xml:28:18-86
49        android:debuggable="true"
50        android:icon="@mipmap/ic_launcher"
50-->src\main\AndroidManifest.xml:6:81-115
51        android:label="@string/app_name"
51-->src\main\AndroidManifest.xml:6:48-80
52        android:roundIcon="@mipmap/ic_launcher_round"
52-->src\main\AndroidManifest.xml:6:116-161
53        android:supportsRtl="true"
53-->[com.facebook.android:facebook-android-sdk:16.0.1] AndroidManifest.xml:16:18-44
54        android:theme="@style/AppTheme"
54-->src\main\AndroidManifest.xml:6:190-221
55        android:usesCleartextTraffic="true" >
55-->src\debug\AndroidManifest.xml:8:9-44
56        <activity
56-->src\debug\AndroidManifest.xml:11:9-111
57            android:name="com.facebook.react.devsupport.DevSettingsActivity"
57-->src\debug\AndroidManifest.xml:11:19-83
58            android:exported="false" />
58-->src\debug\AndroidManifest.xml:11:84-108
59        <activity
59-->src\main\AndroidManifest.xml:7:5-31:16
60            android:name="com.techerudite.plie.MainActivity"
60-->src\main\AndroidManifest.xml:7:15-43
61            android:configChanges="keyboard|keyboardHidden|orientation|screenLayout|screenSize|smallestScreenSize|uiMode"
61-->src\main\AndroidManifest.xml:7:77-186
62            android:exported="true"
62-->src\main\AndroidManifest.xml:7:259-282
63            android:label="@string/app_name"
63-->src\main\AndroidManifest.xml:7:44-76
64            android:launchMode="singleTask"
64-->src\main\AndroidManifest.xml:7:187-218
65            android:windowSoftInputMode="adjustPan" >
65-->src\main\AndroidManifest.xml:7:219-258
66
67            <!--
68      <intent-filter android:autoVerify="true">
69            <action android:name="android.intent.action.VIEW" />
70            <category android:name="android.intent.category.DEFAULT" />
71            <category android:name="android.intent.category.BROWSABLE" />
72            <data android:scheme="https"
73                  android:host="techeruditedev.xyz" />
74      </intent-filter>
75            -->
76            <intent-filter android:label="filter_react_native" >
76-->src\main\AndroidManifest.xml:15:7-20:23
76-->src\main\AndroidManifest.xml:15:22-57
77                <action android:name="android.intent.action.VIEW" />
77-->src\main\AndroidManifest.xml:16:11-63
77-->src\main\AndroidManifest.xml:16:19-60
78
79                <category android:name="android.intent.category.DEFAULT" />
79-->src\main\AndroidManifest.xml:17:11-70
79-->src\main\AndroidManifest.xml:17:21-67
80                <category android:name="android.intent.category.BROWSABLE" />
80-->src\main\AndroidManifest.xml:18:11-72
80-->src\main\AndroidManifest.xml:18:21-69
81
82                <data android:scheme="plie" />
82-->src\main\AndroidManifest.xml:19:11-41
82-->src\main\AndroidManifest.xml:19:17-38
83            </intent-filter>
84            <!--
85      <intent-filter>
86        <action android:name="android.intent.action.VIEW" />
87        <category android:name="android.intent.category.DEFAULT" />
88        <category android:name="android.intent.category.BROWSABLE" />
89        <data android:scheme="plie" />
90      </intent-filter>
91            -->
92            <intent-filter>
92-->src\main\AndroidManifest.xml:27:7-30:23
93                <action android:name="android.intent.action.MAIN" />
93-->src\main\AndroidManifest.xml:28:9-61
93-->src\main\AndroidManifest.xml:28:17-58
94
95                <category android:name="android.intent.category.LAUNCHER" />
95-->src\main\AndroidManifest.xml:29:9-69
95-->src\main\AndroidManifest.xml:29:19-66
96            </intent-filter>
97        </activity>
98        <activity
98-->src\main\AndroidManifest.xml:33:5-179
99            android:name="com.facebook.FacebookActivity"
99-->src\main\AndroidManifest.xml:33:15-59
100            android:configChanges="keyboard|keyboardHidden|screenLayout|screenSize|orientation"
100-->src\main\AndroidManifest.xml:33:60-143
101            android:label="@string/app_name"
101-->src\main\AndroidManifest.xml:33:144-176
102            android:theme="@style/com_facebook_activity_theme" />
102-->[com.facebook.android:facebook-common:16.0.1] AndroidManifest.xml:25:13-63
103        <activity
103-->src\main\AndroidManifest.xml:34:5-41:16
104            android:name="com.facebook.CustomTabActivity"
104-->src\main\AndroidManifest.xml:34:15-60
105            android:exported="true" >
105-->src\main\AndroidManifest.xml:34:61-84
106            <intent-filter>
106-->src\main\AndroidManifest.xml:35:7-40:23
107                <action android:name="android.intent.action.VIEW" />
107-->src\main\AndroidManifest.xml:16:11-63
107-->src\main\AndroidManifest.xml:16:19-60
108
109                <category android:name="android.intent.category.DEFAULT" />
109-->src\main\AndroidManifest.xml:17:11-70
109-->src\main\AndroidManifest.xml:17:21-67
110                <category android:name="android.intent.category.BROWSABLE" />
110-->src\main\AndroidManifest.xml:18:11-72
110-->src\main\AndroidManifest.xml:18:21-69
111
112                <data android:scheme="@string/fb_login_protocol_scheme" />
112-->src\main\AndroidManifest.xml:19:11-41
112-->src\main\AndroidManifest.xml:19:17-38
113            </intent-filter>
114            <intent-filter>
114-->[com.facebook.android:facebook-common:16.0.1] AndroidManifest.xml:31:13-40:29
115                <action android:name="android.intent.action.VIEW" />
115-->src\main\AndroidManifest.xml:16:11-63
115-->src\main\AndroidManifest.xml:16:19-60
116
117                <category android:name="android.intent.category.DEFAULT" />
117-->src\main\AndroidManifest.xml:17:11-70
117-->src\main\AndroidManifest.xml:17:21-67
118                <category android:name="android.intent.category.BROWSABLE" />
118-->src\main\AndroidManifest.xml:18:11-72
118-->src\main\AndroidManifest.xml:18:21-69
119
120                <data
120-->src\main\AndroidManifest.xml:19:11-41
121                    android:host="cct.com.techerudite.plie"
122                    android:scheme="fbconnect" />
122-->src\main\AndroidManifest.xml:19:17-38
123            </intent-filter>
124        </activity>
125
126        <meta-data
126-->src\main\AndroidManifest.xml:43:5-104
127            android:name="com.facebook.sdk.ApplicationId"
127-->src\main\AndroidManifest.xml:43:16-61
128            android:value="@string/facebook_app_id" />
128-->src\main\AndroidManifest.xml:43:62-101
129        <meta-data
129-->src\main\AndroidManifest.xml:45:5-108
130            android:name="com.facebook.sdk.ClientToken"
130-->src\main\AndroidManifest.xml:45:16-59
131            android:value="@string/facebook_client_token" />
131-->src\main\AndroidManifest.xml:45:60-105
132
133        <service
133-->[:react-native-firebase_messaging] AndroidManifest.xml:14:9-16:40
134            android:name="io.invertase.firebase.messaging.ReactNativeFirebaseMessagingHeadlessService"
134-->[:react-native-firebase_messaging] AndroidManifest.xml:15:13-103
135            android:exported="false" />
135-->[:react-native-firebase_messaging] AndroidManifest.xml:16:13-37
136        <service
136-->[:react-native-firebase_messaging] AndroidManifest.xml:17:9-23:19
137            android:name="io.invertase.firebase.messaging.ReactNativeFirebaseMessagingService"
137-->[:react-native-firebase_messaging] AndroidManifest.xml:18:13-95
138            android:exported="false" >
138-->[:react-native-firebase_messaging] AndroidManifest.xml:19:13-37
139            <intent-filter>
139-->[:react-native-firebase_messaging] AndroidManifest.xml:20:13-22:29
140                <action android:name="com.google.firebase.MESSAGING_EVENT" />
140-->[:react-native-firebase_messaging] AndroidManifest.xml:21:17-78
140-->[:react-native-firebase_messaging] AndroidManifest.xml:21:25-75
141            </intent-filter>
142        </service>
143
144        <receiver
144-->[:react-native-firebase_messaging] AndroidManifest.xml:25:9-32:20
145            android:name="io.invertase.firebase.messaging.ReactNativeFirebaseMessagingReceiver"
145-->[:react-native-firebase_messaging] AndroidManifest.xml:26:13-96
146            android:exported="true"
146-->[:react-native-firebase_messaging] AndroidManifest.xml:27:13-36
147            android:permission="com.google.android.c2dm.permission.SEND" >
147-->[:react-native-firebase_messaging] AndroidManifest.xml:28:13-73
148            <intent-filter>
148-->[:react-native-firebase_messaging] AndroidManifest.xml:29:13-31:29
149                <action android:name="com.google.android.c2dm.intent.RECEIVE" />
149-->[:react-native-firebase_messaging] AndroidManifest.xml:30:17-81
149-->[:react-native-firebase_messaging] AndroidManifest.xml:30:25-78
150            </intent-filter>
151        </receiver>
152
153        <meta-data
153-->[:react-native-firebase_messaging] AndroidManifest.xml:34:9-36:36
154            android:name="firebase_messaging_auto_init_enabled"
154-->[:react-native-firebase_messaging] AndroidManifest.xml:35:13-64
155            android:value="true" />
155-->[:react-native-firebase_messaging] AndroidManifest.xml:36:13-33
156        <meta-data
156-->[:react-native-firebase_messaging] AndroidManifest.xml:37:9-39:32
157            android:name="com.google.firebase.messaging.default_notification_channel_id"
157-->[:react-native-firebase_messaging] AndroidManifest.xml:38:13-89
158            android:value="" />
158-->[:react-native-firebase_messaging] AndroidManifest.xml:39:13-29
159        <meta-data
159-->[:react-native-firebase_messaging] AndroidManifest.xml:40:9-42:47
160            android:name="com.google.firebase.messaging.default_notification_color"
160-->[:react-native-firebase_messaging] AndroidManifest.xml:41:13-84
161            android:resource="@color/white" />
161-->[:react-native-firebase_messaging] AndroidManifest.xml:42:13-44
162        <meta-data
162-->[:react-native-firebase_app] AndroidManifest.xml:11:9-13:36
163            android:name="app_data_collection_default_enabled"
163-->[:react-native-firebase_app] AndroidManifest.xml:12:13-63
164            android:value="true" />
164-->[:react-native-firebase_app] AndroidManifest.xml:13:13-33
165
166        <service
166-->[:react-native-firebase_app] AndroidManifest.xml:15:9-23:19
167            android:name="com.google.firebase.components.ComponentDiscoveryService"
167-->[:react-native-firebase_app] AndroidManifest.xml:16:13-84
168            android:directBootAware="true"
168-->[:react-native-firebase_app] AndroidManifest.xml:17:13-43
169            android:exported="false" >
169-->[:react-native-firebase_app] AndroidManifest.xml:18:13-37
170            <meta-data
170-->[:react-native-firebase_app] AndroidManifest.xml:20:13-22:85
171                android:name="com.google.firebase.components:io.invertase.firebase.app.ReactNativeFirebaseAppRegistrar"
171-->[:react-native-firebase_app] AndroidManifest.xml:21:17-120
172                android:value="com.google.firebase.components.ComponentRegistrar" />
172-->[:react-native-firebase_app] AndroidManifest.xml:22:17-82
173            <meta-data
173-->[com.google.firebase:firebase-messaging:23.1.1] AndroidManifest.xml:55:13-57:85
174                android:name="com.google.firebase.components:com.google.firebase.messaging.FirebaseMessagingRegistrar"
174-->[com.google.firebase:firebase-messaging:23.1.1] AndroidManifest.xml:56:17-119
175                android:value="com.google.firebase.components.ComponentRegistrar" />
175-->[com.google.firebase:firebase-messaging:23.1.1] AndroidManifest.xml:57:17-82
176            <meta-data
176-->[com.google.firebase:firebase-datatransport:18.1.7] AndroidManifest.xml:27:13-29:85
177                android:name="com.google.firebase.components:com.google.firebase.datatransport.TransportRegistrar"
177-->[com.google.firebase:firebase-datatransport:18.1.7] AndroidManifest.xml:28:17-115
178                android:value="com.google.firebase.components.ComponentRegistrar" />
178-->[com.google.firebase:firebase-datatransport:18.1.7] AndroidManifest.xml:29:17-82
179            <meta-data
179-->[com.google.android.gms:play-services-measurement-api:21.2.0] AndroidManifest.xml:31:13-33:85
180                android:name="com.google.firebase.components:com.google.firebase.analytics.connector.internal.AnalyticsConnectorRegistrar"
180-->[com.google.android.gms:play-services-measurement-api:21.2.0] AndroidManifest.xml:32:17-139
181                android:value="com.google.firebase.components.ComponentRegistrar" />
181-->[com.google.android.gms:play-services-measurement-api:21.2.0] AndroidManifest.xml:33:17-82
182            <meta-data
182-->[com.google.firebase:firebase-installations:17.1.0] AndroidManifest.xml:17:13-19:85
183                android:name="com.google.firebase.components:com.google.firebase.installations.FirebaseInstallationsRegistrar"
183-->[com.google.firebase:firebase-installations:17.1.0] AndroidManifest.xml:18:17-127
184                android:value="com.google.firebase.components.ComponentRegistrar" />
184-->[com.google.firebase:firebase-installations:17.1.0] AndroidManifest.xml:19:17-82
185        </service>
186
187        <provider
187-->[:react-native-firebase_app] AndroidManifest.xml:25:9-29:38
188            android:name="io.invertase.firebase.app.ReactNativeFirebaseAppInitProvider"
188-->[:react-native-firebase_app] AndroidManifest.xml:26:13-88
189            android:authorities="com.techerudite.plie.reactnativefirebaseappinitprovider"
189-->[:react-native-firebase_app] AndroidManifest.xml:27:13-86
190            android:exported="false"
190-->[:react-native-firebase_app] AndroidManifest.xml:28:13-37
191            android:initOrder="99" />
191-->[:react-native-firebase_app] AndroidManifest.xml:29:13-35
192        <provider
192-->[:react-native-image-picker] AndroidManifest.xml:10:9-18:20
193            android:name="com.imagepicker.ImagePickerProvider"
193-->[:react-native-image-picker] AndroidManifest.xml:11:13-63
194            android:authorities="com.techerudite.plie.imagepickerprovider"
194-->[:react-native-image-picker] AndroidManifest.xml:12:13-71
195            android:exported="false"
195-->[:react-native-image-picker] AndroidManifest.xml:13:13-37
196            android:grantUriPermissions="true" >
196-->[:react-native-image-picker] AndroidManifest.xml:14:13-47
197            <meta-data
197-->[:react-native-image-picker] AndroidManifest.xml:15:13-17:70
198                android:name="android.support.FILE_PROVIDER_PATHS"
198-->[:react-native-image-picker] AndroidManifest.xml:16:17-67
199                android:resource="@xml/imagepicker_provider_paths" />
199-->[:react-native-image-picker] AndroidManifest.xml:17:17-67
200        </provider>
201
202        <activity android:name="com.facebook.CustomTabMainActivity" />
202-->[com.facebook.android:facebook-common:16.0.1] AndroidManifest.xml:26:9-71
202-->[com.facebook.android:facebook-common:16.0.1] AndroidManifest.xml:26:19-68
203
204        <receiver
204-->[com.google.firebase:firebase-messaging:23.1.1] AndroidManifest.xml:31:9-38:20
205            android:name="com.google.firebase.iid.FirebaseInstanceIdReceiver"
205-->[com.google.firebase:firebase-messaging:23.1.1] AndroidManifest.xml:32:13-78
206            android:exported="true"
206-->[com.google.firebase:firebase-messaging:23.1.1] AndroidManifest.xml:33:13-36
207            android:permission="com.google.android.c2dm.permission.SEND" >
207-->[com.google.firebase:firebase-messaging:23.1.1] AndroidManifest.xml:34:13-73
208            <intent-filter>
208-->[:react-native-firebase_messaging] AndroidManifest.xml:29:13-31:29
209                <action android:name="com.google.android.c2dm.intent.RECEIVE" />
209-->[:react-native-firebase_messaging] AndroidManifest.xml:30:17-81
209-->[:react-native-firebase_messaging] AndroidManifest.xml:30:25-78
210            </intent-filter>
211        </receiver>
212        <!--
213             FirebaseMessagingService performs security checks at runtime,
214             but set to not exported to explicitly avoid allowing another app to call it.
215        -->
216        <service
216-->[com.google.firebase:firebase-messaging:23.1.1] AndroidManifest.xml:44:9-51:19
217            android:name="com.google.firebase.messaging.FirebaseMessagingService"
217-->[com.google.firebase:firebase-messaging:23.1.1] AndroidManifest.xml:45:13-82
218            android:directBootAware="true"
218-->[com.google.firebase:firebase-messaging:23.1.1] AndroidManifest.xml:46:13-43
219            android:exported="false" >
219-->[com.google.firebase:firebase-messaging:23.1.1] AndroidManifest.xml:47:13-37
220            <intent-filter android:priority="-500" >
220-->[:react-native-firebase_messaging] AndroidManifest.xml:20:13-22:29
221                <action android:name="com.google.firebase.MESSAGING_EVENT" />
221-->[:react-native-firebase_messaging] AndroidManifest.xml:21:17-78
221-->[:react-native-firebase_messaging] AndroidManifest.xml:21:25-75
222            </intent-filter>
223        </service>
224        <service
224-->[com.google.android.datatransport:transport-backend-cct:3.1.8] AndroidManifest.xml:28:9-34:19
225            android:name="com.google.android.datatransport.runtime.backends.TransportBackendDiscovery"
225-->[com.google.android.datatransport:transport-backend-cct:3.1.8] AndroidManifest.xml:29:13-103
226            android:exported="false" >
226-->[com.google.android.datatransport:transport-backend-cct:3.1.8] AndroidManifest.xml:30:13-37
227            <meta-data
227-->[com.google.android.datatransport:transport-backend-cct:3.1.8] AndroidManifest.xml:31:13-33:39
228                android:name="backend:com.google.android.datatransport.cct.CctBackendFactory"
228-->[com.google.android.datatransport:transport-backend-cct:3.1.8] AndroidManifest.xml:32:17-94
229                android:value="cct" />
229-->[com.google.android.datatransport:transport-backend-cct:3.1.8] AndroidManifest.xml:33:17-36
230        </service>
231        <service
231-->[com.google.android.datatransport:transport-runtime:3.1.8] AndroidManifest.xml:26:9-30:19
232            android:name="com.google.android.datatransport.runtime.scheduling.jobscheduling.JobInfoSchedulerService"
232-->[com.google.android.datatransport:transport-runtime:3.1.8] AndroidManifest.xml:27:13-117
233            android:exported="false"
233-->[com.google.android.datatransport:transport-runtime:3.1.8] AndroidManifest.xml:28:13-37
234            android:permission="android.permission.BIND_JOB_SERVICE" >
234-->[com.google.android.datatransport:transport-runtime:3.1.8] AndroidManifest.xml:29:13-69
235        </service>
236
237        <receiver
237-->[com.google.android.datatransport:transport-runtime:3.1.8] AndroidManifest.xml:32:9-34:40
238            android:name="com.google.android.datatransport.runtime.scheduling.jobscheduling.AlarmManagerSchedulerBroadcastReceiver"
238-->[com.google.android.datatransport:transport-runtime:3.1.8] AndroidManifest.xml:33:13-132
239            android:exported="false" />
239-->[com.google.android.datatransport:transport-runtime:3.1.8] AndroidManifest.xml:34:13-37
240
241        <provider
241-->[com.google.firebase:firebase-common:20.2.0] AndroidManifest.xml:25:9-30:39
242            android:name="com.google.firebase.provider.FirebaseInitProvider"
242-->[com.google.firebase:firebase-common:20.2.0] AndroidManifest.xml:26:13-77
243            android:authorities="com.techerudite.plie.firebaseinitprovider"
243-->[com.google.firebase:firebase-common:20.2.0] AndroidManifest.xml:27:13-72
244            android:directBootAware="true"
244-->[com.google.firebase:firebase-common:20.2.0] AndroidManifest.xml:28:13-43
245            android:exported="false"
245-->[com.google.firebase:firebase-common:20.2.0] AndroidManifest.xml:29:13-37
246            android:initOrder="100" />
246-->[com.google.firebase:firebase-common:20.2.0] AndroidManifest.xml:30:13-36
247
248        <activity
248-->[com.stripe:paymentsheet:20.16.2] AndroidManifest.xml:10:9-13:69
249            android:name="com.stripe.android.paymentsheet.PaymentSheetActivity"
249-->[com.stripe:paymentsheet:20.16.2] AndroidManifest.xml:11:13-80
250            android:exported="false"
250-->[com.stripe:paymentsheet:20.16.2] AndroidManifest.xml:12:13-37
251            android:theme="@style/StripePaymentSheetDefaultTheme" />
251-->[com.stripe:paymentsheet:20.16.2] AndroidManifest.xml:13:13-66
252        <activity
252-->[com.stripe:paymentsheet:20.16.2] AndroidManifest.xml:14:9-17:69
253            android:name="com.stripe.android.paymentsheet.PaymentOptionsActivity"
253-->[com.stripe:paymentsheet:20.16.2] AndroidManifest.xml:15:13-82
254            android:exported="false"
254-->[com.stripe:paymentsheet:20.16.2] AndroidManifest.xml:16:13-37
255            android:theme="@style/StripePaymentSheetDefaultTheme" />
255-->[com.stripe:paymentsheet:20.16.2] AndroidManifest.xml:17:13-66
256        <activity
256-->[com.stripe:paymentsheet:20.16.2] AndroidManifest.xml:18:9-21:69
257            android:name="com.stripe.android.paymentsheet.addresselement.AddressElementActivity"
257-->[com.stripe:paymentsheet:20.16.2] AndroidManifest.xml:19:13-97
258            android:exported="false"
258-->[com.stripe:paymentsheet:20.16.2] AndroidManifest.xml:20:13-37
259            android:theme="@style/StripePaymentSheetDefaultTheme" />
259-->[com.stripe:paymentsheet:20.16.2] AndroidManifest.xml:21:13-66
260        <activity
260-->[com.stripe:paymentsheet:20.16.2] AndroidManifest.xml:22:9-25:69
261            android:name="com.stripe.android.paymentsheet.paymentdatacollection.polling.PollingActivity"
261-->[com.stripe:paymentsheet:20.16.2] AndroidManifest.xml:23:13-105
262            android:exported="false"
262-->[com.stripe:paymentsheet:20.16.2] AndroidManifest.xml:24:13-37
263            android:theme="@style/StripePaymentSheetDefaultTheme" />
263-->[com.stripe:paymentsheet:20.16.2] AndroidManifest.xml:25:13-66
264        <activity
264-->[com.stripe:link:20.16.2] AndroidManifest.xml:10:9-15:58
265            android:name="com.stripe.android.link.LinkActivity"
265-->[com.stripe:link:20.16.2] AndroidManifest.xml:11:13-64
266            android:exported="false"
266-->[com.stripe:link:20.16.2] AndroidManifest.xml:12:13-37
267            android:label="@string/link"
267-->[com.stripe:link:20.16.2] AndroidManifest.xml:13:13-41
268            android:theme="@style/LinkBaseTheme"
268-->[com.stripe:link:20.16.2] AndroidManifest.xml:14:13-49
269            android:windowSoftInputMode="adjustResize" />
269-->[com.stripe:link:20.16.2] AndroidManifest.xml:15:13-55
270        <activity
270-->[com.stripe:financial-connections:20.16.2] AndroidManifest.xml:23:9-48:20
271            android:name="com.stripe.android.financialconnections.FinancialConnectionsSheetRedirectActivity"
271-->[com.stripe:financial-connections:20.16.2] AndroidManifest.xml:24:13-109
272            android:exported="true" >
272-->[com.stripe:financial-connections:20.16.2] AndroidManifest.xml:25:13-36
273            <intent-filter>
273-->[com.stripe:financial-connections:20.16.2] AndroidManifest.xml:26:13-47:29
274                <action android:name="android.intent.action.VIEW" />
274-->src\main\AndroidManifest.xml:16:11-63
274-->src\main\AndroidManifest.xml:16:19-60
275
276                <category android:name="android.intent.category.DEFAULT" />
276-->src\main\AndroidManifest.xml:17:11-70
276-->src\main\AndroidManifest.xml:17:21-67
277                <category android:name="android.intent.category.BROWSABLE" />
277-->src\main\AndroidManifest.xml:18:11-72
277-->src\main\AndroidManifest.xml:18:21-69
278
279                <!-- Accepts success and cancel URIs that begin with "stripe-auth://link-accounts” -->
280                <data
280-->src\main\AndroidManifest.xml:19:11-41
281                    android:host="link-accounts"
282                    android:path="/com.techerudite.plie/success"
283                    android:scheme="stripe-auth" />
283-->src\main\AndroidManifest.xml:19:17-38
284                <data
284-->src\main\AndroidManifest.xml:19:11-41
285                    android:host="link-accounts"
286                    android:path="/com.techerudite.plie/cancel"
287                    android:scheme="stripe-auth" />
287-->src\main\AndroidManifest.xml:19:17-38
288
289                <!-- Accepts success/cancel/fail URIs that begin with "stripe-auth://auth-redirect” -->
290                <data
290-->src\main\AndroidManifest.xml:19:11-41
291                    android:host="auth-redirect"
292                    android:pathPrefix="/com.techerudite.plie"
293                    android:scheme="stripe" />
293-->src\main\AndroidManifest.xml:19:17-38
294            </intent-filter>
295        </activity>
296        <activity